<?xml version="1.0" encoding="UTF-8"?>
<!-- Generated by org.testng.reporters.JUnitReportReporter -->
<testsuite hostname="DESKTOP-V7CDSUJ" failures="0" tests="1" name="demo.restassured.DemoProjectTest" time="2.207" errors="0" timestamp="2021-10-30T17:03:05 HAE" skipped="0">
  <testcase classname="demo.restassured.DemoProjectTest" name="GetUserDetails" time="2.207"/>
  <system-out/>
</testsuite> <!-- demo.restassured.DemoProjectTest -->
