<?xml version="1.0" encoding="UTF-8"?>
<!-- Generated by org.testng.reporters.JUnitReportReporter -->
<testsuite hostname="DESKTOP-V7CDSUJ" failures="0" tests="1" name="demo.restassured.RestassuredDemoProjectTest" time="2.709" errors="0" timestamp="2021-10-30T15:31:24 HAE" skipped="0">
  <testcase classname="demo.restassured.RestassuredDemoProjectTest" name="requestUsZipCode90210_checkPlaceNameInResponseBody_expectBeverlyHills" time="2.709"/>
  <system-out/>
</testsuite> <!-- demo.restassured.RestassuredDemoProjectTest -->
